c:\users\cho\desktop\2018lab\ks\poisson matting\poissonmatting_colour\consoleapplication1\x64\release\consoleapplication1.pch
c:\users\cho\desktop\2018lab\ks\poisson matting\poissonmatting_colour\consoleapplication1\x64\release\vc141.pdb
c:\users\cho\desktop\2018lab\ks\poisson matting\poissonmatting_colour\consoleapplication1\x64\release\stdafx.obj
c:\users\cho\desktop\2018lab\ks\poisson matting\poissonmatting_colour\consoleapplication1\x64\release\nearestneighbour.obj
c:\users\cho\desktop\2018lab\ks\poisson matting\poissonmatting_local\consoleapplication1\x64\release\consoleapplication1.pch
c:\users\cho\desktop\2018lab\ks\poisson matting\poissonmatting_local\consoleapplication1\x64\release\vc141.pdb
c:\users\cho\desktop\2018lab\ks\poisson matting\poissonmatting_local\consoleapplication1\x64\release\stdafx.obj
c:\users\cho\desktop\2018lab\ks\poisson matting\poissonmatting_local\consoleapplication1\x64\release\nearestneighbour.obj
c:\users\cho\desktop\2018lab\ks\poisson matting\poissonmatting_colour\x64\release\consoleapplication1.ipdb
c:\users\cho\desktop\2018lab\ks\poisson matting\poissonmatting_colour\x64\release\consoleapplication1.iobj
c:\users\cho\desktop\2018lab\ks\poisson matting\poissonmatting_local\x64\release\consoleapplication1.ipdb
c:\users\cho\desktop\2018lab\ks\poisson matting\poissonmatting_local\x64\release\consoleapplication1.iobj
c:\users\cho\desktop\2018lab\ks\poisson matting\poissonmatting_colour\x64\release\consoleapplication1.exe
c:\users\cho\desktop\2018lab\ks\poisson matting\poissonmatting_colour\x64\release\consoleapplication1.pdb
c:\users\cho\desktop\2018lab\ks\poisson matting\poissonmatting_local\x64\release\consoleapplication1.exe
c:\users\cho\desktop\2018lab\ks\poisson matting\poissonmatting_local\x64\release\consoleapplication1.pdb
c:\users\cho\desktop\2018lab\ks\poisson matting\poissonmatting_local\consoleapplication1\x64\release\consolea.5e721ba0.tlog\cl.command.1.tlog
c:\users\cho\desktop\2018lab\ks\poisson matting\poissonmatting_local\consoleapplication1\x64\release\consolea.5e721ba0.tlog\cl.read.1.tlog
c:\users\cho\desktop\2018lab\ks\poisson matting\poissonmatting_local\consoleapplication1\x64\release\consolea.5e721ba0.tlog\cl.write.1.tlog
c:\users\cho\desktop\2018lab\ks\poisson matting\poissonmatting_local\consoleapplication1\x64\release\consolea.5e721ba0.tlog\consoleapplication1.write.1u.tlog
c:\users\cho\desktop\2018lab\ks\poisson matting\poissonmatting_local\consoleapplication1\x64\release\consolea.5e721ba0.tlog\link.command.1.tlog
c:\users\cho\desktop\2018lab\ks\poisson matting\poissonmatting_local\consoleapplication1\x64\release\consolea.5e721ba0.tlog\link.read.1.tlog
c:\users\cho\desktop\2018lab\ks\poisson matting\poissonmatting_local\consoleapplication1\x64\release\consolea.5e721ba0.tlog\link.write.1.tlog
